<?xml version="1.0" encoding="utf-8"?><testsuites><testsuite name="pytest" errors="0" failures="0" skipped="0" tests="6" time="0.584" timestamp="2025-04-05T10:23:00.283167+07:00" hostname="DESKTOP-U153UO9"><testcase classname="tests.test_global" name="test_get_drive_path_valid" time="0.004" /><testcase classname="tests.test_global" name="test_get_drive_path_invalid" time="0.002" /><testcase classname="tests.test_global" name="test_delete_event_files" time="0.003" /><testcase classname="tests.test_global" name="test_download_and_extract_db_success" time="0.004" /><testcase classname="tests.test_global" name="test_download_and_extract_db_failure" time="0.002" /><testcase classname="tests.test_global" name="test_download_and_extract_db_extraction_failure" time="0.003" /></testsuite></testsuites>